<?xml version="1.0" encoding="UTF-8"?>
<testsuite xmlns:xsi="http://www.w3.org/2001/XMLSchema-instance" xsi:noNamespaceSchemaLocation="https://maven.apache.org/surefire/maven-surefire-plugin/xsd/surefire-test-report.xsd" version="3.0.2" name="com.example.Crypto.CryptoApplicationTests" time="3.717" tests="1" errors="0" skipped="0" failures="0">
  <properties>
[...]
</properties>
  <testcase name="contextLoads" classname="com.example.Crypto.CryptoApplicationTests" time="1.474">
    <system-out><![CDATA[13:43:10.114 [main] INFO org.springframework.test.context.support.AnnotationConfigContextLoaderUtils -- Could not detect default configuration classes for test class [com.example.Crypto.CryptoApplicationTests]: CryptoApplicationTests does not declare any static, non-private, non-final, nested classes annotated with @Configuration.
13:43:10.332 [main] INFO org.springframework.boot.test.context.SpringBootTestContextBootstrapper -- Found @SpringBootConfiguration com.example.Crypto.CryptoApplication for test class com.example.Crypto.CryptoApplicationTests

  .   ____          _            __ _ _
 /\\ / ___'_ __ _ _(_)_ __  __ _ \ \ \ \
( ( )\___ | '_ | '_| | '_ \/ _` | \ \ \ \
 \\/  ___)| |_)| | | | | || (_| |  ) ) ) )
  '  |____| .__|_| |_|_| |_\__, | / / / /
 =========|_|==============|___/=/_/_/_/

 :: Spring Boot ::                (v3.4.4)

2025-04-03T13:43:11.215+03:00  INFO 23032 --- [crypto-app-backend] [           main] c.example.Crypto.CryptoApplicationTests  : Starting CryptoApplicationTests using Java 21.0.5 with PID 23032 (started by vikdi in D:\Crypto)
2025-04-03T13:43:11.219+03:00  INFO 23032 --- [crypto-app-backend] [           main] c.example.Crypto.CryptoApplicationTests  : No active profile set, falling back to 1 default profile: "default"
2025-04-03T13:43:12.019+03:00  INFO 23032 --- [crypto-app-backend] [           main] c.example.Crypto.CryptoApplicationTests  : Started CryptoApplicationTests in 1.433 seconds (process running for 4.054)
]]></system-out>
    <system-err><![CDATA[Mockito is currently self-attaching to enable the inline-mock-maker. This will no longer work in future releases of the JDK. Please add Mockito as an agent to your build what is described in Mockito's documentation: https://javadoc.io/doc/org.mockito/mockito-core/latest/org/mockito/Mockito.html#0.3
WARNING: A Java agent has been loaded dynamically (C:\Users\vikdi\.m2\repository\net\bytebuddy\byte-buddy-agent\1.15.11\byte-buddy-agent-1.15.11.jar)
WARNING: If a serviceability tool is in use, please run with -XX:+EnableDynamicAgentLoading to hide this warning
WARNING: If a serviceability tool is not in use, please run with -Djdk.instrument.traceUsage for more information
WARNING: Dynamic loading of agents will be disallowed by default in a future release
]]></system-err>
  </testcase>
</testsuite>